\BOOKMARK [1][-]{section.1}{Pregled igre}{}% 1
\BOOKMARK [2][-]{subsection.1.1}{Opis sveta}{section.1}% 2
\BOOKMARK [3][-]{subsubsection.1.1.1}{Pregled}{subsection.1.1}% 3
\BOOKMARK [3][-]{subsubsection.1.1.2}{Ozadje}{subsection.1.1}% 4
\BOOKMARK [3][-]{subsubsection.1.1.3}{Kljucne lokacije}{subsection.1.1}% 5
\BOOKMARK [3][-]{subsubsection.1.1.4}{Velikost}{subsection.1.1}% 6
\BOOKMARK [3][-]{subsubsection.1.1.5}{Objekti}{subsection.1.1}% 7
\BOOKMARK [3][-]{subsubsection.1.1.6}{Cas}{subsection.1.1}% 8
\BOOKMARK [2][-]{subsection.1.2}{Igralni pogon in uporabljene tehnologije}{section.1}% 9
\BOOKMARK [2][-]{subsection.1.3}{Pogled}{section.1}% 10
\BOOKMARK [1][-]{section.2}{Osebek}{}% 11
\BOOKMARK [1][-]{section.3}{Uporabni\235ki vmesnik}{}% 12
\BOOKMARK [1][-]{section.4}{Glasba in zvok}{}% 13
\BOOKMARK [1][-]{section.5}{Gameplay}{}% 14
\BOOKMARK [1][-]{section.6}{Tehnicni vidiki igre}{}% 15
\BOOKMARK [2][-]{subsubsection.6.0.1}{Izris prozornih objektov}{section.6}% 16
\BOOKMARK [2][-]{subsection.6.1}{Hitrost in gorivo}{section.6}% 17
\BOOKMARK [2][-]{subsection.6.2}{Interpolacija}{section.6}% 18
\BOOKMARK [2][-]{subsection.6.3}{Stanje igre}{section.6}% 19
\BOOKMARK [1][-]{section.7}{Zakljucki in mo\236ne nadgradnje}{}% 20
